<?xml version="1.0" encoding="UTF-8"?>
<!-- Generated by org.testng.reporters.JUnitReportReporter -->
<testsuite hostname="MohamedSci" failures="0" tests="1" name="google_translate_many_texts_files.TranslateTextFiles" time="1043.740" errors="0" timestamp="2024-02-10T01:26:49 EET" skipped="0">
  <testcase classname="google_translate_many_texts_files.TranslateTextFiles" name="main" time="1043.740"/>
  <system-out/>
</testsuite> <!-- google_translate_many_texts_files.TranslateTextFiles -->
