<?xml version="1.0" encoding="UTF-8"?>
<!-- Generated by org.testng.reporters.JUnitReportReporter -->
<testsuite hostname="MohamedSci" failures="0" tests="1" name="google_translate_many_texts_files.TranslateTextFiles" time="3911.615" errors="0" timestamp="2024-03-19T14:43:03 EET" skipped="0">
  <testcase classname="google_translate_many_texts_files.TranslateTextFiles" name="main" time="3911.615"/>
  <system-out/>
</testsuite> <!-- google_translate_many_texts_files.TranslateTextFiles -->
